# JRE version: OpenJDK Runtime Environment (8.0_152) (build 1.8.0_152-release-1343-b16-5323222)
# Java VM: OpenJDK 64-Bit Server VM (25.152-b16-5323222 mixed mode linux-amd64 compressed oops)
Heap:
 PSYoungGen      total 132096K, used 6140K [0x00000000d7200000, 0x00000000dfa00000, 0x0000000100000000)
  eden space 125952K, 0% used [0x00000000d7200000,0x00000000d7200000,0x00000000ded00000)
  from space 6144K, 99% used [0x00000000ded00000,0x00000000df2ff350,0x00000000df300000)
  to   space 5120K, 0% used [0x00000000df300000,0x00000000df300000,0x00000000df800000)
 ParOldGen       total 84992K, used 2100K [0x0000000085600000, 0x000000008a900000, 0x00000000d7200000)
  object space 84992K, 2% used [0x0000000085600000,0x000000008580d070,0x000000008a900000)
 Metaspace       used 18508K, capacity 18720K, committed 19072K, reserved 1064960K
  class space    used 2515K, capacity 2583K, committed 2688K, reserved 1048576K
GC Heap History (10 events):
Event: 1,306 GC heap after
Heap after GC invocations=2 (full 0):
 PSYoungGen      total 36864K, used 2634K [0x00000000d7200000, 0x00000000d9b00000, 0x0000000100000000)
  eden space 31744K, 0% used [0x00000000d7200000,0x00000000d7200000,0x00000000d9100000)
  from space 5120K, 51% used [0x00000000d9600000,0x00000000d98929e8,0x00000000d9b00000)
  to   space 5120K, 0% used [0x00000000d9100000,0x00000000d9100000,0x00000000d9600000)
 ParOldGen       total 84992K, used 16K [0x0000000085600000, 0x000000008a900000, 0x00000000d7200000)
  object space 84992K, 0% used [0x0000000085600000,0x0000000085604000,0x000000008a900000)
 Metaspace       used 8476K, capacity 8568K, committed 8704K, reserved 1056768K
  class space    used 938K, capacity 955K, committed 1024K, reserved 1048576K
}
Event: 1,442 GC heap before
{Heap before GC invocations=3 (full 0):
 PSYoungGen      total 36864K, used 34378K [0x00000000d7200000, 0x00000000d9b00000, 0x0000000100000000)
  eden space 31744K, 100% used [0x00000000d7200000,0x00000000d9100000,0x00000000d9100000)
  from space 5120K, 51% used [0x00000000d9600000,0x00000000d98929e8,0x00000000d9b00000)
  to   space 5120K, 0% used [0x00000000d9100000,0x00000000d9100000,0x00000000d9600000)
 ParOldGen       total 84992K, used 16K [0x0000000085600000, 0x000000008a900000, 0x00000000d7200000)
  object space 84992K, 0% used [0x0000000085600000,0x0000000085604000,0x000000008a900000)
 Metaspace       used 9891K, capacity 10020K, committed 10240K, reserved 1058816K
  class space    used 1207K, capacity 1245K, committed 1280K, reserved 1048576K
Event: 1,445 GC heap after
Heap after GC invocations=3 (full 0):
 PSYoungGen      total 36864K, used 3263K [0x00000000d7200000, 0x00000000dba00000, 0x0000000100000000)
  eden space 31744K, 0% used [0x00000000d7200000,0x00000000d7200000,0x00000000d9100000)
  from space 5120K, 63% used [0x00000000d9100000,0x00000000d942fe00,0x00000000d9600000)
  to   space 5120K, 0% used [0x00000000db500000,0x00000000db500000,0x00000000dba00000)
 ParOldGen       total 84992K, used 24K [0x0000000085600000, 0x000000008a900000, 0x00000000d7200000)
  object space 84992K, 0% used [0x0000000085600000,0x0000000085606000,0x000000008a900000)
 Metaspace       used 9891K, capacity 10020K, committed 10240K, reserved 1058816K
  class space    used 1207K, capacity 1245K, committed 1280K, reserved 1048576K
}
Event: 1,532 GC heap before
{Heap before GC invocations=4 (full 0):
 PSYoungGen      total 36864K, used 35007K [0x00000000d7200000, 0x00000000dba00000, 0x0000000100000000)
  eden space 31744K, 100% used [0x00000000d7200000,0x00000000d9100000,0x00000000d9100000)
  from space 5120K, 63% used [0x00000000d9100000,0x00000000d942fe00,0x00000000d9600000)
  to   space 5120K, 0% used [0x00000000db500000,0x00000000db500000,0x00000000dba00000)
 ParOldGen       total 84992K, used 24K [0x0000000085600000, 0x000000008a900000, 0x00000000d7200000)
  object space 84992K, 0% used [0x0000000085600000,0x0000000085606000,0x000000008a900000)
 Metaspace       used 11031K, capacity 11120K, committed 11520K, reserved 1058816K
  class space    used 1410K, capacity 1439K, committed 1536K, reserved 1048576K
Event: 1,534 GC heap after
Heap after GC invocations=4 (full 0):
 PSYoungGen      total 68608K, used 3353K [0x00000000d7200000, 0x00000000dba00000, 0x0000000100000000)
  eden space 63488K, 0% used [0x00000000d7200000,0x00000000d7200000,0x00000000db000000)
  from space 5120K, 65% used [0x00000000db500000,0x00000000db8466f8,0x00000000dba00000)
  to   space 5120K, 0% used [0x00000000db000000,0x00000000db000000,0x00000000db500000)
 ParOldGen       total 84992K, used 32K [0x0000000085600000, 0x000000008a900000, 0x00000000d7200000)
  object space 84992K, 0% used [0x0000000085600000,0x0000000085608000,0x000000008a900000)
 Metaspace       used 11031K, capacity 11120K, committed 11520K, reserved 1058816K
  class space    used 1410K, capacity 1439K, committed 1536K, reserved 1048576K
}
Event: 1,867 GC heap before
{Heap before GC invocations=5 (full 0):
 PSYoungGen      total 68608K, used 66841K [0x00000000d7200000, 0x00000000dba00000, 0x0000000100000000)
  eden space 63488K, 100% used [0x00000000d7200000,0x00000000db000000,0x00000000db000000)
  from space 5120K, 65% used [0x00000000db500000,0x00000000db8466f8,0x00000000dba00000)
  to   space 5120K, 0% used [0x00000000db000000,0x00000000db000000,0x00000000db500000)
 ParOldGen       total 84992K, used 32K [0x0000000085600000, 0x000000008a900000, 0x00000000d7200000)
  object space 84992K, 0% used [0x0000000085600000,0x0000000085608000,0x000000008a900000)
 Metaspace       used 13146K, capacity 13274K, committed 13696K, reserved 1060864K
  class space    used 1795K, capacity 1830K, committed 1920K, reserved 1048576K
Event: 1,870 GC heap after
Heap after GC invocations=5 (full 0):
 PSYoungGen      total 68608K, used 4491K [0x00000000d7200000, 0x00000000df800000, 0x0000000100000000)
  eden space 63488K, 0% used [0x00000000d7200000,0x00000000d7200000,0x00000000db000000)
  from space 5120K, 87% used [0x00000000db000000,0x00000000db462ff8,0x00000000db500000)
  to   space 5120K, 0% used [0x00000000df300000,0x00000000df300000,0x00000000df800000)
 ParOldGen       total 84992K, used 40K [0x0000000085600000, 0x000000008a900000, 0x00000000d7200000)
  object space 84992K, 0% used [0x0000000085600000,0x000000008560a000,0x000000008a900000)
 Metaspace       used 13146K, capacity 13274K, committed 13696K, reserved 1060864K
  class space    used 1795K, capacity 1830K, committed 1920K, reserved 1048576K
}
Event: 2,087 GC heap before
{Heap before GC invocations=6 (full 0):
 PSYoungGen      total 68608K, used 67979K [0x00000000d7200000, 0x00000000df800000, 0x0000000100000000)
  eden space 63488K, 100% used [0x00000000d7200000,0x00000000db000000,0x00000000db000000)
  from space 5120K, 87% used [0x00000000db000000,0x00000000db462ff8,0x00000000db500000)
  to   space 5120K, 0% used [0x00000000df300000,0x00000000df300000,0x00000000df800000)
 ParOldGen       total 84992K, used 40K [0x0000000085600000, 0x000000008a900000, 0x00000000d7200000)
  object space 84992K, 0% used [0x0000000085600000,0x000000008560a000,0x000000008a900000)
 Metaspace       used 14818K, capacity 14970K, committed 15232K, reserved 1062912K
  class space    used 2011K, capacity 2054K, committed 2176K, reserved 1048576K
Event: 2,090 GC heap after
Heap after GC invocations=6 (full 0):
 PSYoungGen      total 131072K, used 5114K [0x00000000d7200000, 0x00000000dfa00000, 0x0000000100000000)
  eden space 125952K, 0% used [0x00000000d7200000,0x00000000d7200000,0x00000000ded00000)
  from space 5120K, 99% used [0x00000000df300000,0x00000000df7fe918,0x00000000df800000)
  to   space 6144K, 0% used [0x00000000ded00000,0x00000000ded00000,0x00000000df300000)
 ParOldGen       total 84992K, used 215K [0x0000000085600000, 0x000000008a900000, 0x00000000d7200000)
  object space 84992K, 0% used [0x0000000085600000,0x0000000085635cb0,0x000000008a900000)
 Metaspace       used 14818K, capacity 14970K, committed 15232K, reserved 1062912K
  class space    used 2011K, capacity 2054K, committed 2176K, reserved 1048576K
}
Event: 13,139 GC heap before
{Heap before GC invocations=7 (full 0):
 PSYoungGen      total 131072K, used 131066K [0x00000000d7200000, 0x00000000dfa00000, 0x0000000100000000)
  eden space 125952K, 100% used [0x00000000d7200000,0x00000000ded00000,0x00000000ded00000)
  from space 5120K, 99% used [0x00000000df300000,0x00000000df7fe918,0x00000000df800000)
  to   space 6144K, 0% used [0x00000000ded00000,0x00000000ded00000,0x00000000df300000)
 ParOldGen       total 84992K, used 215K [0x0000000085600000, 0x000000008a900000, 0x00000000d7200000)
  object space 84992K, 0% used [0x0000000085600000,0x0000000085635cb0,0x000000008a900000)
 Metaspace       used 18508K, capacity 18720K, committed 19072K, reserved 1064960K
  class space    used 2515K, capacity 2583K, committed 2688K, reserved 1048576K

