# JRE version: OpenJDK Runtime Environment (8.0_152) (build 1.8.0_152-release-1343-b16-5323222)
# Java VM: OpenJDK 64-Bit Server VM (25.152-b16-5323222 mixed mode linux-amd64 compressed oops)
Heap:
 PSYoungGen      total 132096K, used 6112K [0x00000000d7200000, 0x00000000dfa00000, 0x0000000100000000)
  eden space 125952K, 0% used [0x00000000d7200000,0x00000000d7200000,0x00000000ded00000)
  from space 6144K, 99% used [0x00000000ded00000,0x00000000df2f8350,0x00000000df300000)
  to   space 5120K, 0% used [0x00000000df300000,0x00000000df300000,0x00000000df800000)
 ParOldGen       total 84992K, used 2239K [0x0000000085600000, 0x000000008a900000, 0x00000000d7200000)
  object space 84992K, 2% used [0x0000000085600000,0x000000008582fd58,0x000000008a900000)
 Metaspace       used 18427K, capacity 18688K, committed 18944K, reserved 1064960K
  class space    used 2501K, capacity 2551K, committed 2560K, reserved 1048576K
GC Heap History (10 events):
Event: 1,336 GC heap after
Heap after GC invocations=2 (full 0):
 PSYoungGen      total 36864K, used 2883K [0x00000000d7200000, 0x00000000d9b00000, 0x0000000100000000)
  eden space 31744K, 0% used [0x00000000d7200000,0x00000000d7200000,0x00000000d9100000)
  from space 5120K, 56% used [0x00000000d9600000,0x00000000d98d0de0,0x00000000d9b00000)
  to   space 5120K, 0% used [0x00000000d9100000,0x00000000d9100000,0x00000000d9600000)
 ParOldGen       total 84992K, used 16K [0x0000000085600000, 0x000000008a900000, 0x00000000d7200000)
  object space 84992K, 0% used [0x0000000085600000,0x0000000085604000,0x000000008a900000)
 Metaspace       used 8477K, capacity 8568K, committed 8704K, reserved 1056768K
  class space    used 942K, capacity 955K, committed 1024K, reserved 1048576K
}
Event: 1,455 GC heap before
{Heap before GC invocations=3 (full 0):
 PSYoungGen      total 36864K, used 34627K [0x00000000d7200000, 0x00000000d9b00000, 0x0000000100000000)
  eden space 31744K, 100% used [0x00000000d7200000,0x00000000d9100000,0x00000000d9100000)
  from space 5120K, 56% used [0x00000000d9600000,0x00000000d98d0de0,0x00000000d9b00000)
  to   space 5120K, 0% used [0x00000000d9100000,0x00000000d9100000,0x00000000d9600000)
 ParOldGen       total 84992K, used 16K [0x0000000085600000, 0x000000008a900000, 0x00000000d7200000)
  object space 84992K, 0% used [0x0000000085600000,0x0000000085604000,0x000000008a900000)
 Metaspace       used 9885K, capacity 9956K, committed 10240K, reserved 1058816K
  class space    used 1207K, capacity 1245K, committed 1280K, reserved 1048576K
Event: 1,458 GC heap after
Heap after GC invocations=3 (full 0):
 PSYoungGen      total 36864K, used 3352K [0x00000000d7200000, 0x00000000dba00000, 0x0000000100000000)
  eden space 31744K, 0% used [0x00000000d7200000,0x00000000d7200000,0x00000000d9100000)
  from space 5120K, 65% used [0x00000000d9100000,0x00000000d94463e0,0x00000000d9600000)
  to   space 5120K, 0% used [0x00000000db500000,0x00000000db500000,0x00000000dba00000)
 ParOldGen       total 84992K, used 24K [0x0000000085600000, 0x000000008a900000, 0x00000000d7200000)
  object space 84992K, 0% used [0x0000000085600000,0x0000000085606000,0x000000008a900000)
 Metaspace       used 9885K, capacity 9956K, committed 10240K, reserved 1058816K
  class space    used 1207K, capacity 1245K, committed 1280K, reserved 1048576K
}
Event: 1,550 GC heap before
{Heap before GC invocations=4 (full 0):
 PSYoungGen      total 36864K, used 35096K [0x00000000d7200000, 0x00000000dba00000, 0x0000000100000000)
  eden space 31744K, 100% used [0x00000000d7200000,0x00000000d9100000,0x00000000d9100000)
  from space 5120K, 65% used [0x00000000d9100000,0x00000000d94463e0,0x00000000d9600000)
  to   space 5120K, 0% used [0x00000000db500000,0x00000000db500000,0x00000000dba00000)
 ParOldGen       total 84992K, used 24K [0x0000000085600000, 0x000000008a900000, 0x00000000d7200000)
  object space 84992K, 0% used [0x0000000085600000,0x0000000085606000,0x000000008a900000)
 Metaspace       used 11046K, capacity 11184K, committed 11520K, reserved 1058816K
  class space    used 1413K, capacity 1439K, committed 1536K, reserved 1048576K
Event: 1,553 GC heap after
Heap after GC invocations=4 (full 0):
 PSYoungGen      total 68608K, used 3460K [0x00000000d7200000, 0x00000000dba00000, 0x0000000100000000)
  eden space 63488K, 0% used [0x00000000d7200000,0x00000000d7200000,0x00000000db000000)
  from space 5120K, 67% used [0x00000000db500000,0x00000000db8613e8,0x00000000dba00000)
  to   space 5120K, 0% used [0x00000000db000000,0x00000000db000000,0x00000000db500000)
 ParOldGen       total 84992K, used 32K [0x0000000085600000, 0x000000008a900000, 0x00000000d7200000)
  object space 84992K, 0% used [0x0000000085600000,0x0000000085608000,0x000000008a900000)
 Metaspace       used 11046K, capacity 11184K, committed 11520K, reserved 1058816K
  class space    used 1413K, capacity 1439K, committed 1536K, reserved 1048576K
}
Event: 1,834 GC heap before
{Heap before GC invocations=5 (full 0):
 PSYoungGen      total 68608K, used 66948K [0x00000000d7200000, 0x00000000dba00000, 0x0000000100000000)
  eden space 63488K, 100% used [0x00000000d7200000,0x00000000db000000,0x00000000db000000)
  from space 5120K, 67% used [0x00000000db500000,0x00000000db8613e8,0x00000000dba00000)
  to   space 5120K, 0% used [0x00000000db000000,0x00000000db000000,0x00000000db500000)
 ParOldGen       total 84992K, used 32K [0x0000000085600000, 0x000000008a900000, 0x00000000d7200000)
  object space 84992K, 0% used [0x0000000085600000,0x0000000085608000,0x000000008a900000)
 Metaspace       used 13118K, capacity 13274K, committed 13696K, reserved 1060864K
  class space    used 1791K, capacity 1830K, committed 1920K, reserved 1048576K
Event: 1,838 GC heap after
Heap after GC invocations=5 (full 0):
 PSYoungGen      total 68608K, used 4508K [0x00000000d7200000, 0x00000000df800000, 0x0000000100000000)
  eden space 63488K, 0% used [0x00000000d7200000,0x00000000d7200000,0x00000000db000000)
  from space 5120K, 88% used [0x00000000db000000,0x00000000db467318,0x00000000db500000)
  to   space 5120K, 0% used [0x00000000df300000,0x00000000df300000,0x00000000df800000)
 ParOldGen       total 84992K, used 40K [0x0000000085600000, 0x000000008a900000, 0x00000000d7200000)
  object space 84992K, 0% used [0x0000000085600000,0x000000008560a000,0x000000008a900000)
 Metaspace       used 13118K, capacity 13274K, committed 13696K, reserved 1060864K
  class space    used 1791K, capacity 1830K, committed 1920K, reserved 1048576K
}
Event: 4,133 GC heap before
{Heap before GC invocations=6 (full 0):
 PSYoungGen      total 68608K, used 67996K [0x00000000d7200000, 0x00000000df800000, 0x0000000100000000)
  eden space 63488K, 100% used [0x00000000d7200000,0x00000000db000000,0x00000000db000000)
  from space 5120K, 88% used [0x00000000db000000,0x00000000db467318,0x00000000db500000)
  to   space 5120K, 0% used [0x00000000df300000,0x00000000df300000,0x00000000df800000)
 ParOldGen       total 84992K, used 40K [0x0000000085600000, 0x000000008a900000, 0x00000000d7200000)
  object space 84992K, 0% used [0x0000000085600000,0x000000008560a000,0x000000008a900000)
 Metaspace       used 14805K, capacity 14938K, committed 15104K, reserved 1062912K
  class space    used 2007K, capacity 2022K, committed 2048K, reserved 1048576K
Event: 4,137 GC heap after
Heap after GC invocations=6 (full 0):
 PSYoungGen      total 131072K, used 5111K [0x00000000d7200000, 0x00000000dfa00000, 0x0000000100000000)
  eden space 125952K, 0% used [0x00000000d7200000,0x00000000d7200000,0x00000000ded00000)
  from space 5120K, 99% used [0x00000000df300000,0x00000000df7fde70,0x00000000df800000)
  to   space 6144K, 0% used [0x00000000ded00000,0x00000000ded00000,0x00000000df300000)
 ParOldGen       total 84992K, used 245K [0x0000000085600000, 0x000000008a900000, 0x00000000d7200000)
  object space 84992K, 0% used [0x0000000085600000,0x000000008563d638,0x000000008a900000)
 Metaspace       used 14805K, capacity 14938K, committed 15104K, reserved 1062912K
  class space    used 2007K, capacity 2022K, committed 2048K, reserved 1048576K
}
Event: 7,035 GC heap before
{Heap before GC invocations=7 (full 0):
 PSYoungGen      total 131072K, used 131063K [0x00000000d7200000, 0x00000000dfa00000, 0x0000000100000000)
  eden space 125952K, 100% used [0x00000000d7200000,0x00000000ded00000,0x00000000ded00000)
  from space 5120K, 99% used [0x00000000df300000,0x00000000df7fde70,0x00000000df800000)
  to   space 6144K, 0% used [0x00000000ded00000,0x00000000ded00000,0x00000000df300000)
 ParOldGen       total 84992K, used 245K [0x0000000085600000, 0x000000008a900000, 0x00000000d7200000)
  object space 84992K, 0% used [0x0000000085600000,0x000000008563d638,0x000000008a900000)
 Metaspace       used 18427K, capacity 18688K, committed 18944K, reserved 1064960K
  class space    used 2501K, capacity 2551K, committed 2560K, reserved 1048576K

