# JRE version: OpenJDK Runtime Environment (8.0_152) (build 1.8.0_152-release-1343-b16-5323222)
# Java VM: OpenJDK 64-Bit Server VM (25.152-b16-5323222 mixed mode linux-amd64 compressed oops)
Heap:
 PSYoungGen      total 132096K, used 6142K [0x00000000d7200000, 0x00000000dfa00000, 0x0000000100000000)
  eden space 125952K, 0% used [0x00000000d7200000,0x00000000d7200000,0x00000000ded00000)
  from space 6144K, 99% used [0x00000000ded00000,0x00000000df2ffb38,0x00000000df300000)
  to   space 5120K, 0% used [0x00000000df300000,0x00000000df300000,0x00000000df800000)
 ParOldGen       total 84992K, used 2018K [0x0000000085600000, 0x000000008a900000, 0x00000000d7200000)
  object space 84992K, 2% used [0x0000000085600000,0x00000000857f89d8,0x000000008a900000)
 Metaspace       used 18344K, capacity 18560K, committed 18688K, reserved 1064960K
  class space    used 2496K, capacity 2551K, committed 2560K, reserved 1048576K
GC Heap History (10 events):
Event: 1,153 GC heap after
Heap after GC invocations=2 (full 0):
 PSYoungGen      total 36864K, used 2682K [0x00000000d7200000, 0x00000000d9b00000, 0x0000000100000000)
  eden space 31744K, 0% used [0x00000000d7200000,0x00000000d7200000,0x00000000d9100000)
  from space 5120K, 52% used [0x00000000d9600000,0x00000000d989e9d8,0x00000000d9b00000)
  to   space 5120K, 0% used [0x00000000d9100000,0x00000000d9100000,0x00000000d9600000)
 ParOldGen       total 84992K, used 16K [0x0000000085600000, 0x000000008a900000, 0x00000000d7200000)
  object space 84992K, 0% used [0x0000000085600000,0x0000000085604000,0x000000008a900000)
 Metaspace       used 8478K, capacity 8632K, committed 8704K, reserved 1056768K
  class space    used 945K, capacity 955K, committed 1024K, reserved 1048576K
}
Event: 1,315 GC heap before
{Heap before GC invocations=3 (full 0):
 PSYoungGen      total 36864K, used 34426K [0x00000000d7200000, 0x00000000d9b00000, 0x0000000100000000)
  eden space 31744K, 100% used [0x00000000d7200000,0x00000000d9100000,0x00000000d9100000)
  from space 5120K, 52% used [0x00000000d9600000,0x00000000d989e9d8,0x00000000d9b00000)
  to   space 5120K, 0% used [0x00000000d9100000,0x00000000d9100000,0x00000000d9600000)
 ParOldGen       total 84992K, used 16K [0x0000000085600000, 0x000000008a900000, 0x00000000d7200000)
  object space 84992K, 0% used [0x0000000085600000,0x0000000085604000,0x000000008a900000)
 Metaspace       used 9894K, capacity 10020K, committed 10240K, reserved 1058816K
  class space    used 1209K, capacity 1245K, committed 1280K, reserved 1048576K
Event: 1,324 GC heap after
Heap after GC invocations=3 (full 0):
 PSYoungGen      total 36864K, used 3281K [0x00000000d7200000, 0x00000000dba00000, 0x0000000100000000)
  eden space 31744K, 0% used [0x00000000d7200000,0x00000000d7200000,0x00000000d9100000)
  from space 5120K, 64% used [0x00000000d9100000,0x00000000d94344c0,0x00000000d9600000)
  to   space 5120K, 0% used [0x00000000db500000,0x00000000db500000,0x00000000dba00000)
 ParOldGen       total 84992K, used 24K [0x0000000085600000, 0x000000008a900000, 0x00000000d7200000)
  object space 84992K, 0% used [0x0000000085600000,0x0000000085606000,0x000000008a900000)
 Metaspace       used 9894K, capacity 10020K, committed 10240K, reserved 1058816K
  class space    used 1209K, capacity 1245K, committed 1280K, reserved 1048576K
}
Event: 1,425 GC heap before
{Heap before GC invocations=4 (full 0):
 PSYoungGen      total 36864K, used 35025K [0x00000000d7200000, 0x00000000dba00000, 0x0000000100000000)
  eden space 31744K, 100% used [0x00000000d7200000,0x00000000d9100000,0x00000000d9100000)
  from space 5120K, 64% used [0x00000000d9100000,0x00000000d94344c0,0x00000000d9600000)
  to   space 5120K, 0% used [0x00000000db500000,0x00000000db500000,0x00000000dba00000)
 ParOldGen       total 84992K, used 24K [0x0000000085600000, 0x000000008a900000, 0x00000000d7200000)
  object space 84992K, 0% used [0x0000000085600000,0x0000000085606000,0x000000008a900000)
 Metaspace       used 11044K, capacity 11184K, committed 11520K, reserved 1058816K
  class space    used 1415K, capacity 1439K, committed 1536K, reserved 1048576K
Event: 1,428 GC heap after
Heap after GC invocations=4 (full 0):
 PSYoungGen      total 68608K, used 3368K [0x00000000d7200000, 0x00000000dba00000, 0x0000000100000000)
  eden space 63488K, 0% used [0x00000000d7200000,0x00000000d7200000,0x00000000db000000)
  from space 5120K, 65% used [0x00000000db500000,0x00000000db84a150,0x00000000dba00000)
  to   space 5120K, 0% used [0x00000000db000000,0x00000000db000000,0x00000000db500000)
 ParOldGen       total 84992K, used 32K [0x0000000085600000, 0x000000008a900000, 0x00000000d7200000)
  object space 84992K, 0% used [0x0000000085600000,0x0000000085608000,0x000000008a900000)
 Metaspace       used 11044K, capacity 11184K, committed 11520K, reserved 1058816K
  class space    used 1415K, capacity 1439K, committed 1536K, reserved 1048576K
}
Event: 1,710 GC heap before
{Heap before GC invocations=5 (full 0):
 PSYoungGen      total 68608K, used 66856K [0x00000000d7200000, 0x00000000dba00000, 0x0000000100000000)
  eden space 63488K, 100% used [0x00000000d7200000,0x00000000db000000,0x00000000db000000)
  from space 5120K, 65% used [0x00000000db500000,0x00000000db84a150,0x00000000dba00000)
  to   space 5120K, 0% used [0x00000000db000000,0x00000000db000000,0x00000000db500000)
 ParOldGen       total 84992K, used 32K [0x0000000085600000, 0x000000008a900000, 0x00000000d7200000)
  object space 84992K, 0% used [0x0000000085600000,0x0000000085608000,0x000000008a900000)
 Metaspace       used 13089K, capacity 13274K, committed 13696K, reserved 1060864K
  class space    used 1788K, capacity 1830K, committed 1920K, reserved 1048576K
Event: 1,713 GC heap after
Heap after GC invocations=5 (full 0):
 PSYoungGen      total 68608K, used 4363K [0x00000000d7200000, 0x00000000df800000, 0x0000000100000000)
  eden space 63488K, 0% used [0x00000000d7200000,0x00000000d7200000,0x00000000db000000)
  from space 5120K, 85% used [0x00000000db000000,0x00000000db442ff8,0x00000000db500000)
  to   space 5120K, 0% used [0x00000000df300000,0x00000000df300000,0x00000000df800000)
 ParOldGen       total 84992K, used 40K [0x0000000085600000, 0x000000008a900000, 0x00000000d7200000)
  object space 84992K, 0% used [0x0000000085600000,0x000000008560a000,0x000000008a900000)
 Metaspace       used 13089K, capacity 13274K, committed 13696K, reserved 1060864K
  class space    used 1788K, capacity 1830K, committed 1920K, reserved 1048576K
}
Event: 1,908 GC heap before
{Heap before GC invocations=6 (full 0):
 PSYoungGen      total 68608K, used 67851K [0x00000000d7200000, 0x00000000df800000, 0x0000000100000000)
  eden space 63488K, 100% used [0x00000000d7200000,0x00000000db000000,0x00000000db000000)
  from space 5120K, 85% used [0x00000000db000000,0x00000000db442ff8,0x00000000db500000)
  to   space 5120K, 0% used [0x00000000df300000,0x00000000df300000,0x00000000df800000)
 ParOldGen       total 84992K, used 40K [0x0000000085600000, 0x000000008a900000, 0x00000000d7200000)
  object space 84992K, 0% used [0x0000000085600000,0x000000008560a000,0x000000008a900000)
 Metaspace       used 14764K, capacity 14938K, committed 15104K, reserved 1062912K
  class space    used 2004K, capacity 2022K, committed 2048K, reserved 1048576K
Event: 1,912 GC heap after
Heap after GC invocations=6 (full 0):
 PSYoungGen      total 131072K, used 5117K [0x00000000d7200000, 0x00000000dfa00000, 0x0000000100000000)
  eden space 125952K, 0% used [0x00000000d7200000,0x00000000d7200000,0x00000000ded00000)
  from space 5120K, 99% used [0x00000000df300000,0x00000000df7ff568,0x00000000df800000)
  to   space 6144K, 0% used [0x00000000ded00000,0x00000000ded00000,0x00000000df300000)
 ParOldGen       total 84992K, used 154K [0x0000000085600000, 0x000000008a900000, 0x00000000d7200000)
  object space 84992K, 0% used [0x0000000085600000,0x0000000085626890,0x000000008a900000)
 Metaspace       used 14764K, capacity 14938K, committed 15104K, reserved 1062912K
  class space    used 2004K, capacity 2022K, committed 2048K, reserved 1048576K
}
Event: 2,599 GC heap before
{Heap before GC invocations=7 (full 0):
 PSYoungGen      total 131072K, used 131069K [0x00000000d7200000, 0x00000000dfa00000, 0x0000000100000000)
  eden space 125952K, 100% used [0x00000000d7200000,0x00000000ded00000,0x00000000ded00000)
  from space 5120K, 99% used [0x00000000df300000,0x00000000df7ff568,0x00000000df800000)
  to   space 6144K, 0% used [0x00000000ded00000,0x00000000ded00000,0x00000000df300000)
 ParOldGen       total 84992K, used 154K [0x0000000085600000, 0x000000008a900000, 0x00000000d7200000)
  object space 84992K, 0% used [0x0000000085600000,0x0000000085626890,0x000000008a900000)
 Metaspace       used 18344K, capacity 18560K, committed 18688K, reserved 1064960K
  class space    used 2496K, capacity 2551K, committed 2560K, reserved 1048576K

